mode: set
room-booking/internal/config/config.go:11.20,17.2 1 1
room-booking/internal/config/config.go:19.42,21.17 2 1
room-booking/internal/config/config.go:21.17,23.3 1 1
room-booking/internal/config/config.go:24.2,24.14 1 1
room-booking/internal/slots/generator.go:10.110,12.18 2 1
room-booking/internal/slots/generator.go:12.18,14.3 1 0
room-booking/internal/slots/generator.go:16.2,17.31 2 1
room-booking/internal/slots/generator.go:17.31,18.19 1 1
room-booking/internal/slots/generator.go:18.19,20.9 2 1
room-booking/internal/slots/generator.go:23.2,23.14 1 1
room-booking/internal/slots/generator.go:23.14,25.3 1 1
room-booking/internal/slots/generator.go:27.2,28.16 2 1
room-booking/internal/slots/generator.go:28.16,30.3 1 1
room-booking/internal/slots/generator.go:31.2,32.16 2 1
room-booking/internal/slots/generator.go:32.16,34.3 1 0
room-booking/internal/slots/generator.go:36.2,40.29 4 1
room-booking/internal/slots/generator.go:40.29,42.25 2 1
room-booking/internal/slots/generator.go:42.25,43.9 1 0
room-booking/internal/slots/generator.go:46.3,50.17 2 1
room-booking/internal/slots/generator.go:53.2,53.20 1 1
room-booking/internal/auth/jwt.go:24.47,26.2 1 1
room-booking/internal/auth/jwt.go:28.71,40.2 3 1
room-booking/internal/auth/jwt.go:42.68,44.21 2 0
room-booking/internal/auth/jwt.go:44.21,46.3 1 0
room-booking/internal/auth/jwt.go:48.2,48.36 1 0
room-booking/internal/auth/jwt.go:51.62,52.84 1 1
room-booking/internal/auth/jwt.go:52.84,54.3 1 1
room-booking/internal/auth/jwt.go:55.2,55.16 1 1
room-booking/internal/auth/jwt.go:55.16,57.3 1 1
room-booking/internal/auth/jwt.go:59.2,60.25 2 1
room-booking/internal/auth/jwt.go:60.25,62.3 1 0
room-booking/internal/auth/jwt.go:64.2,64.20 1 1
room-booking/internal/http/middleware/auth.go:19.80,20.46 1 1
room-booking/internal/http/middleware/auth.go:20.46,21.72 1 1
room-booking/internal/http/middleware/auth.go:21.72,23.24 2 1
room-booking/internal/http/middleware/auth.go:23.24,26.5 2 1
room-booking/internal/http/middleware/auth.go:28.4,29.84 2 1
room-booking/internal/http/middleware/auth.go:29.84,32.5 2 1
room-booking/internal/http/middleware/auth.go:34.4,35.18 2 1
room-booking/internal/http/middleware/auth.go:35.18,38.5 2 0
room-booking/internal/http/middleware/auth.go:40.4,43.41 3 1
room-booking/internal/http/middleware/role.go:9.63,10.46 1 1
room-booking/internal/http/middleware/role.go:10.46,11.72 1 1
room-booking/internal/http/middleware/role.go:11.72,13.32 2 1
room-booking/internal/http/middleware/role.go:13.32,16.5 2 1
room-booking/internal/http/middleware/role.go:18.4,18.27 1 1
room-booking/internal/http/middleware/role.go:18.27,21.5 2 1
room-booking/internal/http/middleware/role.go:23.4,23.24 1 1
room-booking/internal/http/handlers/auth.go:15.56,17.2 1 1
room-booking/internal/http/handlers/auth.go:27.74,30.61 2 1
room-booking/internal/http/handlers/auth.go:30.61,33.3 2 1
room-booking/internal/http/handlers/auth.go:35.2,35.47 1 1
room-booking/internal/http/handlers/auth.go:35.47,38.3 2 1
room-booking/internal/http/handlers/auth.go:40.2,41.16 2 1
room-booking/internal/http/handlers/auth.go:41.16,44.3 2 0
room-booking/internal/http/handlers/auth.go:46.2,46.67 1 1
room-booking/internal/http/handlers/bookings.go:25.64,27.2 1 1
room-booking/internal/http/handlers/bookings.go:34.73,36.61 2 1
room-booking/internal/http/handlers/bookings.go:36.61,39.3 2 0
room-booking/internal/http/handlers/bookings.go:41.2,44.16 3 1
room-booking/internal/http/handlers/bookings.go:44.16,47.3 2 0
room-booking/internal/http/handlers/bookings.go:49.2,51.4 1 1
room-booking/internal/http/handlers/bookings.go:54.69,58.16 3 1
room-booking/internal/http/handlers/bookings.go:58.16,61.3 2 0
room-booking/internal/http/handlers/bookings.go:63.2,65.4 1 1
room-booking/internal/http/handlers/bookings.go:68.73,73.16 4 1
room-booking/internal/http/handlers/bookings.go:73.16,76.3 2 0
room-booking/internal/http/handlers/bookings.go:78.2,80.4 1 1
room-booking/internal/http/handlers/bookings.go:83.71,87.49 3 1
room-booking/internal/http/handlers/bookings.go:87.49,89.17 2 1
room-booking/internal/http/handlers/bookings.go:89.17,92.4 2 1
room-booking/internal/http/handlers/bookings.go:93.3,93.15 1 1
room-booking/internal/http/handlers/bookings.go:96.2,96.53 1 1
room-booking/internal/http/handlers/bookings.go:96.53,98.17 2 1
room-booking/internal/http/handlers/bookings.go:98.17,101.4 2 0
room-booking/internal/http/handlers/bookings.go:102.3,102.19 1 1
room-booking/internal/http/handlers/bookings.go:105.2,106.16 2 1
room-booking/internal/http/handlers/bookings.go:106.16,109.3 2 0
room-booking/internal/http/handlers/bookings.go:111.2,118.4 1 1
room-booking/internal/http/handlers/json.go:8.49,10.2 1 1
room-booking/internal/http/handlers/rooms.go:21.55,23.2 1 1
room-booking/internal/http/handlers/rooms.go:31.70,33.61 2 1
room-booking/internal/http/handlers/rooms.go:33.61,36.3 2 1
room-booking/internal/http/handlers/rooms.go:38.2,39.16 2 1
room-booking/internal/http/handlers/rooms.go:39.16,42.3 2 1
room-booking/internal/http/handlers/rooms.go:44.2,46.4 1 1
room-booking/internal/http/handlers/rooms.go:49.68,51.16 2 1
room-booking/internal/http/handlers/rooms.go:51.16,54.3 2 1
room-booking/internal/http/handlers/rooms.go:56.2,58.4 1 1
room-booking/internal/http/handlers/schedules.go:20.67,22.2 1 1
room-booking/internal/http/handlers/schedules.go:30.74,34.61 3 1
room-booking/internal/http/handlers/schedules.go:34.61,37.3 2 1
room-booking/internal/http/handlers/schedules.go:39.2,46.16 2 1
room-booking/internal/http/handlers/schedules.go:46.16,49.3 2 1
room-booking/internal/http/handlers/schedules.go:51.2,53.4 1 1
room-booking/internal/http/handlers/slots.go:19.55,21.2 1 1
room-booking/internal/http/handlers/slots.go:23.68,28.16 4 1
room-booking/internal/http/handlers/slots.go:28.16,31.3 2 1
room-booking/internal/http/handlers/slots.go:33.2,35.4 1 1
room-booking/internal/http/handlers/users.go:14.64,16.2 1 1
room-booking/internal/http/handlers/users.go:28.72,30.44 2 1
room-booking/internal/http/handlers/users.go:30.44,33.3 2 1
room-booking/internal/http/handlers/users.go:35.2,36.16 2 1
room-booking/internal/http/handlers/users.go:36.16,39.3 2 0
room-booking/internal/http/handlers/users.go:41.2,43.4 1 1
room-booking/internal/http/handlers/users.go:46.69,48.44 2 1
room-booking/internal/http/handlers/users.go:48.44,51.3 2 0
room-booking/internal/http/handlers/users.go:53.2,54.16 2 1
room-booking/internal/http/handlers/users.go:54.16,57.3 2 1
room-booking/internal/http/handlers/users.go:59.2,61.4 1 1
room-booking/cmd/server/main.go:18.13,25.16 5 0
room-booking/cmd/server/main.go:25.16,26.13 1 0
room-booking/cmd/server/main.go:28.2,30.37 2 0
room-booking/cmd/server/main.go:30.37,31.13 1 0
room-booking/cmd/server/main.go:34.2,60.72 19 0
room-booking/cmd/server/main.go:60.72,63.3 2 0
room-booking/cmd/server/main.go:65.2,85.55 15 0
room-booking/cmd/server/main.go:85.55,86.13 1 0
room-booking/internal/app/db.go:9.76,11.2 1 0
room-booking/internal/http/response/errors.go:19.74,26.2 1 1
room-booking/internal/http/response/errors.go:28.57,29.9 1 1
room-booking/internal/http/response/errors.go:30.48,31.77 1 1
room-booking/internal/http/response/errors.go:32.46,33.73 1 1
room-booking/internal/http/response/errors.go:34.43,35.64 1 1
room-booking/internal/http/response/errors.go:36.46,37.73 1 1
room-booking/internal/http/response/errors.go:38.46,39.73 1 1
room-booking/internal/http/response/errors.go:40.44,41.86 1 1
room-booking/internal/http/response/errors.go:42.49,43.79 1 1
room-booking/internal/http/response/errors.go:44.48,45.119 1 1
room-booking/internal/http/response/errors.go:46.10,47.91 1 1
room-booking/internal/http/response/json.go:8.61,12.2 3 1
room-booking/internal/repository/booking_repository.go:16.64,18.2 1 0
room-booking/internal/repository/booking_repository.go:20.129,36.16 4 0
room-booking/internal/repository/booking_repository.go:36.16,37.70 1 0
room-booking/internal/repository/booking_repository.go:37.70,39.4 1 0
room-booking/internal/repository/booking_repository.go:40.3,40.18 1 0
room-booking/internal/repository/booking_repository.go:43.2,43.22 1 0
room-booking/internal/repository/booking_repository.go:46.106,57.16 3 0
room-booking/internal/repository/booking_repository.go:57.16,59.3 1 0
room-booking/internal/repository/booking_repository.go:60.2,63.18 3 0
room-booking/internal/repository/booking_repository.go:63.18,72.17 2 0
room-booking/internal/repository/booking_repository.go:72.17,74.4 1 0
room-booking/internal/repository/booking_repository.go:75.3,75.39 1 0
room-booking/internal/repository/booking_repository.go:78.2,78.35 1 0
room-booking/internal/repository/booking_repository.go:78.35,80.3 1 0
room-booking/internal/repository/booking_repository.go:82.2,82.22 1 0
room-booking/internal/repository/booking_repository.go:85.101,101.16 4 0
room-booking/internal/repository/booking_repository.go:101.16,103.3 1 0
room-booking/internal/repository/booking_repository.go:105.2,105.22 1 0
room-booking/internal/repository/booking_repository.go:108.100,125.16 4 0
room-booking/internal/repository/booking_repository.go:125.16,127.3 1 0
room-booking/internal/repository/booking_repository.go:129.2,129.22 1 0
room-booking/internal/repository/booking_repository.go:132.109,137.68 4 0
room-booking/internal/repository/booking_repository.go:137.68,139.3 1 0
room-booking/internal/repository/booking_repository.go:141.2,149.16 3 0
room-booking/internal/repository/booking_repository.go:149.16,151.3 1 0
room-booking/internal/repository/booking_repository.go:152.2,155.18 3 0
room-booking/internal/repository/booking_repository.go:155.18,164.17 2 0
room-booking/internal/repository/booking_repository.go:164.17,166.4 1 0
room-booking/internal/repository/booking_repository.go:167.3,167.39 1 0
room-booking/internal/repository/booking_repository.go:170.2,170.35 1 0
room-booking/internal/repository/booking_repository.go:170.35,172.3 1 0
room-booking/internal/repository/booking_repository.go:174.2,174.29 1 0
room-booking/internal/repository/room_repository.go:15.58,17.2 1 0
room-booking/internal/repository/room_repository.go:19.125,34.16 4 0
room-booking/internal/repository/room_repository.go:34.16,36.3 1 0
room-booking/internal/repository/room_repository.go:38.2,38.19 1 0
room-booking/internal/repository/room_repository.go:41.75,49.16 3 0
room-booking/internal/repository/room_repository.go:49.16,51.3 1 0
room-booking/internal/repository/room_repository.go:52.2,55.18 3 0
room-booking/internal/repository/room_repository.go:55.18,63.17 2 0
room-booking/internal/repository/room_repository.go:63.17,65.4 1 0
room-booking/internal/repository/room_repository.go:66.3,66.30 1 0
room-booking/internal/repository/room_repository.go:69.2,69.35 1 0
room-booking/internal/repository/room_repository.go:69.35,71.3 1 0
room-booking/internal/repository/room_repository.go:73.2,73.19 1 0
room-booking/internal/repository/room_repository.go:76.83,81.16 4 0
room-booking/internal/repository/room_repository.go:81.16,83.3 1 0
room-booking/internal/repository/room_repository.go:85.2,85.20 1 0
room-booking/internal/repository/schedule_repository.go:15.66,17.2 1 0
room-booking/internal/repository/schedule_repository.go:19.95,24.16 4 0
room-booking/internal/repository/schedule_repository.go:24.16,26.3 1 0
room-booking/internal/repository/schedule_repository.go:28.2,28.20 1 0
room-booking/internal/repository/schedule_repository.go:31.144,46.16 4 0
room-booking/internal/repository/schedule_repository.go:46.16,48.3 1 0
room-booking/internal/repository/schedule_repository.go:50.2,50.23 1 0
room-booking/internal/repository/slot_repository.go:16.58,18.2 1 0
room-booking/internal/repository/slot_repository.go:20.101,28.2 3 0
room-booking/internal/repository/slot_repository.go:30.89,35.16 4 0
room-booking/internal/repository/slot_repository.go:35.16,37.3 1 0
room-booking/internal/repository/slot_repository.go:38.2,38.19 1 0
room-booking/internal/repository/slot_repository.go:41.127,55.16 3 0
room-booking/internal/repository/slot_repository.go:55.16,57.3 1 0
room-booking/internal/repository/slot_repository.go:58.2,61.18 3 0
room-booking/internal/repository/slot_repository.go:61.18,63.83 2 0
room-booking/internal/repository/slot_repository.go:63.83,65.4 1 0
room-booking/internal/repository/slot_repository.go:66.3,66.30 1 0
room-booking/internal/repository/slot_repository.go:69.2,69.35 1 0
room-booking/internal/repository/slot_repository.go:69.35,71.3 1 0
room-booking/internal/repository/slot_repository.go:73.2,73.19 1 0
room-booking/internal/repository/slot_repository.go:76.92,90.16 4 0
room-booking/internal/repository/slot_repository.go:90.16,92.3 1 0
room-booking/internal/repository/slot_repository.go:94.2,94.19 1 0
room-booking/internal/repository/user_repository.go:15.58,17.2 1 0
room-booking/internal/repository/user_repository.go:19.104,33.16 4 0
room-booking/internal/repository/user_repository.go:33.16,35.3 1 0
room-booking/internal/repository/user_repository.go:37.2,37.19 1 0
room-booking/internal/repository/user_repository.go:40.102,57.16 5 0
room-booking/internal/repository/user_repository.go:57.16,59.3 1 0
room-booking/internal/repository/user_repository.go:61.2,61.33 1 0
room-booking/internal/service/booking_service.go:28.103,33.2 1 1
room-booking/internal/service/booking_service.go:35.129,36.34 1 1
room-booking/internal/service/booking_service.go:36.34,38.3 1 0
room-booking/internal/service/booking_service.go:40.2,41.16 2 1
room-booking/internal/service/booking_service.go:41.16,43.3 1 0
room-booking/internal/service/booking_service.go:45.2,45.41 1 1
room-booking/internal/service/booking_service.go:45.41,47.3 1 1
room-booking/internal/service/booking_service.go:49.2,50.26 2 1
room-booking/internal/service/booking_service.go:50.26,53.3 2 0
room-booking/internal/service/booking_service.go:55.2,56.16 2 1
room-booking/internal/service/booking_service.go:56.16,57.43 1 1
room-booking/internal/service/booking_service.go:57.43,59.4 1 1
room-booking/internal/service/booking_service.go:60.3,60.18 1 0
room-booking/internal/service/booking_service.go:63.2,63.21 1 1
room-booking/internal/service/booking_service.go:66.103,67.18 1 1
room-booking/internal/service/booking_service.go:67.18,69.3 1 1
room-booking/internal/service/booking_service.go:71.2,71.50 1 0
room-booking/internal/service/booking_service.go:74.105,75.37 1 1
room-booking/internal/service/booking_service.go:75.37,77.3 1 0
room-booking/internal/service/booking_service.go:79.2,80.16 2 1
room-booking/internal/service/booking_service.go:80.16,82.3 1 0
room-booking/internal/service/booking_service.go:84.2,84.30 1 1
room-booking/internal/service/booking_service.go:84.30,86.3 1 1
room-booking/internal/service/booking_service.go:88.2,88.35 1 1
room-booking/internal/service/booking_service.go:88.35,90.3 1 1
room-booking/internal/service/booking_service.go:92.2,92.45 1 0
room-booking/internal/service/booking_service.go:95.106,96.15 1 1
room-booking/internal/service/booking_service.go:96.15,98.3 1 0
room-booking/internal/service/booking_service.go:99.2,99.19 1 1
room-booking/internal/service/booking_service.go:99.19,101.3 1 0
room-booking/internal/service/booking_service.go:103.2,103.48 1 1
room-booking/internal/service/booking_service.go:103.48,105.3 1 1
room-booking/internal/service/booking_service.go:107.2,107.51 1 0
room-booking/internal/service/room_service.go:19.55,21.2 1 1
room-booking/internal/service/room_service.go:23.122,24.35 1 1
room-booking/internal/service/room_service.go:24.35,26.3 1 1
room-booking/internal/service/room_service.go:28.2,28.38 1 1
room-booking/internal/service/room_service.go:28.38,30.3 1 1
room-booking/internal/service/room_service.go:32.2,32.75 1 1
room-booking/internal/service/room_service.go:35.72,37.2 1 1
room-booking/internal/service/schedule_service.go:35.20,41.2 1 1
room-booking/internal/service/schedule_service.go:43.141,44.18 1 1
room-booking/internal/service/schedule_service.go:44.18,46.3 1 1
room-booking/internal/service/schedule_service.go:48.2,48.26 1 1
room-booking/internal/service/schedule_service.go:48.26,50.3 1 0
room-booking/internal/service/schedule_service.go:52.2,55.33 3 1
room-booking/internal/service/schedule_service.go:55.33,56.25 1 1
room-booking/internal/service/schedule_service.go:56.25,58.4 1 1
room-booking/internal/service/schedule_service.go:59.3,59.17 1 1
room-booking/internal/service/schedule_service.go:59.17,62.4 2 1
room-booking/internal/service/schedule_service.go:65.2,68.16 3 1
room-booking/internal/service/schedule_service.go:68.16,70.3 1 0
room-booking/internal/service/schedule_service.go:72.2,73.16 2 1
room-booking/internal/service/schedule_service.go:73.16,75.3 1 0
room-booking/internal/service/schedule_service.go:77.2,77.36 1 1
room-booking/internal/service/schedule_service.go:77.36,79.3 1 1
room-booking/internal/service/schedule_service.go:81.2,82.16 2 1
room-booking/internal/service/schedule_service.go:82.16,84.3 1 0
room-booking/internal/service/schedule_service.go:85.2,85.13 1 1
room-booking/internal/service/schedule_service.go:85.13,87.3 1 1
room-booking/internal/service/schedule_service.go:89.2,90.16 2 1
room-booking/internal/service/schedule_service.go:90.16,92.3 1 0
room-booking/internal/service/schedule_service.go:93.2,93.20 1 1
room-booking/internal/service/schedule_service.go:93.20,95.3 1 1
room-booking/internal/service/schedule_service.go:97.2,98.16 2 1
room-booking/internal/service/schedule_service.go:98.16,100.3 1 0
room-booking/internal/service/schedule_service.go:102.2,103.26 2 1
room-booking/internal/service/schedule_service.go:103.26,106.17 3 1
room-booking/internal/service/schedule_service.go:106.17,108.4 1 0
room-booking/internal/service/schedule_service.go:110.3,110.34 1 1
room-booking/internal/service/schedule_service.go:110.34,111.79 1 1
room-booking/internal/service/schedule_service.go:111.79,113.5 1 0
room-booking/internal/service/schedule_service.go:117.2,117.22 1 1
room-booking/internal/service/slot_service.go:32.16,38.2 1 1
room-booking/internal/service/slot_service.go:40.102,41.32 1 1
room-booking/internal/service/slot_service.go:41.32,43.3 1 1
room-booking/internal/service/slot_service.go:45.2,46.16 2 1
room-booking/internal/service/slot_service.go:46.16,48.3 1 0
room-booking/internal/service/slot_service.go:50.2,51.16 2 1
room-booking/internal/service/slot_service.go:51.16,53.3 1 0
room-booking/internal/service/slot_service.go:54.2,54.17 1 1
room-booking/internal/service/slot_service.go:54.17,56.3 1 1
room-booking/internal/service/slot_service.go:58.2,59.16 2 1
room-booking/internal/service/slot_service.go:59.16,61.3 1 0
room-booking/internal/service/slot_service.go:62.2,62.21 1 1
room-booking/internal/service/slot_service.go:62.21,64.3 1 1
room-booking/internal/service/slot_service.go:66.2,69.64 3 1
room-booking/internal/service/user_service.go:23.84,28.2 1 1
room-booking/internal/service/user_service.go:30.99,32.35 2 1
room-booking/internal/service/user_service.go:32.35,34.3 1 1
room-booking/internal/service/user_service.go:36.2,37.16 2 1
room-booking/internal/service/user_service.go:37.16,39.3 1 0
room-booking/internal/service/user_service.go:41.2,41.48 1 1
room-booking/internal/service/user_service.go:44.90,46.35 2 1
room-booking/internal/service/user_service.go:46.35,48.3 1 0
room-booking/internal/service/user_service.go:50.2,51.16 2 1
room-booking/internal/service/user_service.go:51.16,53.3 1 0
room-booking/internal/service/user_service.go:55.2,55.94 1 1
room-booking/internal/service/user_service.go:55.94,57.3 1 1
room-booking/internal/service/user_service.go:59.2,60.16 2 1
room-booking/internal/service/user_service.go:60.16,62.3 1 0
room-booking/internal/service/user_service.go:64.2,64.19 1 1
